[debug] [2021-08-01T14:27:27.701Z] ----------------------------------------------------------------------
[debug] [2021-08-01T14:27:27.703Z] Command:       C:\Program Files\nodejs\node.exe C:\Users\Gaming\AppData\Roaming\npm\node_modules\firebase-tools\lib\bin\firebase.js init
[debug] [2021-08-01T14:27:27.703Z] CLI Version:   9.12.0
[debug] [2021-08-01T14:27:27.703Z] Platform:      win32
[debug] [2021-08-01T14:27:27.703Z] Node Version:  v12.16.3
[debug] [2021-08-01T14:27:27.704Z] Time:          Sun Aug 01 2021 19:57:27 GMT+0530 (India Standard Time)
[debug] [2021-08-01T14:27:27.704Z] ----------------------------------------------------------------------
[debug] 
[debug] [2021-08-01T14:27:27.709Z] > command requires scopes: ["email","openid","https://www.googleapis.com/auth/cloudplatformprojects.readonly","https://www.googleapis.com/auth/firebase","https://www.googleapis.com/auth/cloud-platform"]
[debug] [2021-08-01T14:27:27.709Z] > authorizing via signed-in user (jhandique1999@gmail.com)
[info] 
     ######## #### ########  ######## ########     ###     ######  ########
     ##        ##  ##     ## ##       ##     ##  ##   ##  ##       ##
     ######    ##  ########  ######   ########  #########  ######  ######
     ##        ##  ##    ##  ##       ##     ## ##     ##       ## ##
     ##       #### ##     ## ######## ########  ##     ##  ######  ########

You're about to initialize a Firebase project in this directory:

  D:\Desktop\codergeek-mail

[info] 
=== Project Setup
[info] 
[info] First, let's associate this project directory with a Firebase project.
[info] You can create multiple project aliases by running firebase use --add, 
[info] but for now we'll just set up a default project.
[info] 
